2024-09-18 23:36:33 INFO  UniformTruckLoader:24 - Starting the loading process. Number of boxes: 4, Number of trucks: 1
2024-09-18 23:36:33 INFO  UniformTruckLoader:27 - Truck #1 created.
2024-09-18 23:36:33 INFO  UniformTruckLoader:32 - Boxes sorted by size.
2024-09-18 23:36:33 INFO  UniformTruckLoader:35 - Attempting to load box with dimensions (Width: 3, Height: 3)
2024-09-18 23:36:33 INFO  UniformTruckLoader:38 - Trucks sorted by free volume.
2024-09-18 23:36:33 INFO  UniformTruckLoader:42 - Box successfully loaded into truck #1
2024-09-18 23:36:33 INFO  UniformTruckLoader:35 - Attempting to load box with dimensions (Width: 3, Height: 3)
2024-09-18 23:36:33 INFO  UniformTruckLoader:38 - Trucks sorted by free volume.
2024-09-18 23:36:33 INFO  UniformTruckLoader:42 - Box successfully loaded into truck #1
2024-09-18 23:36:33 INFO  UniformTruckLoader:35 - Attempting to load box with dimensions (Width: 3, Height: 3)
2024-09-18 23:36:33 INFO  UniformTruckLoader:38 - Trucks sorted by free volume.
2024-09-18 23:36:33 INFO  UniformTruckLoader:42 - Box successfully loaded into truck #1
2024-09-18 23:36:33 INFO  UniformTruckLoader:35 - Attempting to load box with dimensions (Width: 2, Height: 2)
2024-09-18 23:36:33 INFO  UniformTruckLoader:38 - Trucks sorted by free volume.
2024-09-18 23:36:33 INFO  UniformTruckLoader:42 - Box successfully loaded into truck #1
2024-09-18 23:36:33 INFO  UniformTruckLoader:54 - Loading process completed. Number of trucks used: 1
2024-09-18 23:36:33 INFO  UniformTruckLoader:24 - Starting the loading process. Number of boxes: 2, Number of trucks: 2
2024-09-18 23:36:33 INFO  UniformTruckLoader:27 - Truck #1 created.
2024-09-18 23:36:33 INFO  UniformTruckLoader:27 - Truck #2 created.
2024-09-18 23:36:33 INFO  UniformTruckLoader:32 - Boxes sorted by size.
2024-09-18 23:36:33 INFO  UniformTruckLoader:35 - Attempting to load box with dimensions (Width: 3, Height: 3)
2024-09-18 23:36:33 INFO  UniformTruckLoader:38 - Trucks sorted by free volume.
2024-09-18 23:36:33 INFO  UniformTruckLoader:42 - Box successfully loaded into truck #1
2024-09-18 23:36:33 INFO  UniformTruckLoader:35 - Attempting to load box with dimensions (Width: 2, Height: 2)
2024-09-18 23:36:33 INFO  UniformTruckLoader:38 - Trucks sorted by free volume.
2024-09-18 23:36:33 INFO  UniformTruckLoader:42 - Box successfully loaded into truck #1
2024-09-18 23:36:33 INFO  UniformTruckLoader:54 - Loading process completed. Number of trucks used: 2
2024-09-18 23:36:33 INFO  UniformTruckLoader:24 - Starting the loading process. Number of boxes: 0, Number of trucks: 1
2024-09-18 23:36:33 INFO  UniformTruckLoader:27 - Truck #1 created.
2024-09-18 23:36:33 INFO  UniformTruckLoader:32 - Boxes sorted by size.
2024-09-18 23:36:33 INFO  UniformTruckLoader:54 - Loading process completed. Number of trucks used: 1
2024-09-18 23:36:33 INFO  UniformTruckLoader:24 - Starting the loading process. Number of boxes: 2, Number of trucks: 1
2024-09-18 23:36:33 INFO  UniformTruckLoader:27 - Truck #1 created.
2024-09-18 23:36:33 INFO  UniformTruckLoader:32 - Boxes sorted by size.
2024-09-18 23:36:33 INFO  UniformTruckLoader:35 - Attempting to load box with dimensions (Width: 2, Height: 2)
2024-09-18 23:36:33 INFO  UniformTruckLoader:38 - Trucks sorted by free volume.
2024-09-18 23:36:33 INFO  UniformTruckLoader:42 - Box successfully loaded into truck #1
2024-09-18 23:36:33 INFO  UniformTruckLoader:35 - Attempting to load box with dimensions (Width: 1, Height: 1)
2024-09-18 23:36:33 INFO  UniformTruckLoader:38 - Trucks sorted by free volume.
2024-09-18 23:36:33 INFO  UniformTruckLoader:42 - Box successfully loaded into truck #1
2024-09-18 23:36:33 INFO  UniformTruckLoader:54 - Loading process completed. Number of trucks used: 1
2024-09-18 23:38:35 INFO  UniformTruckLoader:24 - Starting the loading process. Number of boxes: 4, Number of trucks: 1
2024-09-18 23:38:35 INFO  UniformTruckLoader:27 - Truck #1 created.
2024-09-18 23:38:35 INFO  UniformTruckLoader:32 - Boxes sorted by size.
2024-09-18 23:38:35 INFO  UniformTruckLoader:35 - Attempting to load box with dimensions (Width: 3, Height: 3)
2024-09-18 23:38:35 INFO  UniformTruckLoader:38 - Trucks sorted by free volume.
2024-09-18 23:38:35 INFO  UniformTruckLoader:42 - Box successfully loaded into truck #1
2024-09-18 23:38:35 INFO  UniformTruckLoader:35 - Attempting to load box with dimensions (Width: 3, Height: 3)
2024-09-18 23:38:35 INFO  UniformTruckLoader:38 - Trucks sorted by free volume.
2024-09-18 23:38:35 INFO  UniformTruckLoader:42 - Box successfully loaded into truck #1
2024-09-18 23:38:35 INFO  UniformTruckLoader:35 - Attempting to load box with dimensions (Width: 3, Height: 3)
2024-09-18 23:38:35 INFO  UniformTruckLoader:38 - Trucks sorted by free volume.
2024-09-18 23:38:35 INFO  UniformTruckLoader:42 - Box successfully loaded into truck #1
2024-09-18 23:38:35 INFO  UniformTruckLoader:35 - Attempting to load box with dimensions (Width: 2, Height: 2)
2024-09-18 23:38:35 INFO  UniformTruckLoader:38 - Trucks sorted by free volume.
2024-09-18 23:38:35 INFO  UniformTruckLoader:42 - Box successfully loaded into truck #1
2024-09-18 23:38:35 INFO  UniformTruckLoader:54 - Loading process completed. Number of trucks used: 1
2024-09-18 23:38:35 DEBUG UniformTruckLoader:55 - Truck: 

2024-09-18 23:38:35 DEBUG UniformTruckLoader:57 - +111   +
+11111 +
+11111 +
+111111+
+111111+
+111111+
++++++++

2024-09-18 23:38:35 INFO  UniformTruckLoader:24 - Starting the loading process. Number of boxes: 2, Number of trucks: 2
2024-09-18 23:38:35 INFO  UniformTruckLoader:27 - Truck #1 created.
2024-09-18 23:38:35 INFO  UniformTruckLoader:27 - Truck #2 created.
2024-09-18 23:38:35 INFO  UniformTruckLoader:32 - Boxes sorted by size.
2024-09-18 23:38:35 INFO  UniformTruckLoader:35 - Attempting to load box with dimensions (Width: 3, Height: 3)
2024-09-18 23:38:35 INFO  UniformTruckLoader:38 - Trucks sorted by free volume.
2024-09-18 23:38:35 INFO  UniformTruckLoader:42 - Box successfully loaded into truck #1
2024-09-18 23:38:35 INFO  UniformTruckLoader:35 - Attempting to load box with dimensions (Width: 2, Height: 2)
2024-09-18 23:38:35 INFO  UniformTruckLoader:38 - Trucks sorted by free volume.
2024-09-18 23:38:35 INFO  UniformTruckLoader:42 - Box successfully loaded into truck #1
2024-09-18 23:38:35 INFO  UniformTruckLoader:54 - Loading process completed. Number of trucks used: 2
2024-09-18 23:38:35 DEBUG UniformTruckLoader:55 - Truck: 

2024-09-18 23:38:35 DEBUG UniformTruckLoader:57 - +      +
+      +
+      +
+      +
+11    +
+11    +
++++++++

2024-09-18 23:38:35 DEBUG UniformTruckLoader:57 - +      +
+      +
+      +
+111   +
+111   +
+111   +
++++++++

2024-09-18 23:38:35 INFO  UniformTruckLoader:24 - Starting the loading process. Number of boxes: 0, Number of trucks: 1
2024-09-18 23:38:35 INFO  UniformTruckLoader:27 - Truck #1 created.
2024-09-18 23:38:35 INFO  UniformTruckLoader:32 - Boxes sorted by size.
2024-09-18 23:38:35 INFO  UniformTruckLoader:54 - Loading process completed. Number of trucks used: 1
2024-09-18 23:38:35 DEBUG UniformTruckLoader:55 - Truck: 

2024-09-18 23:38:35 DEBUG UniformTruckLoader:57 - +      +
+      +
+      +
+      +
+      +
+      +
++++++++

2024-09-18 23:38:35 INFO  UniformTruckLoader:24 - Starting the loading process. Number of boxes: 2, Number of trucks: 1
2024-09-18 23:38:35 INFO  UniformTruckLoader:27 - Truck #1 created.
2024-09-18 23:38:35 INFO  UniformTruckLoader:32 - Boxes sorted by size.
2024-09-18 23:38:35 INFO  UniformTruckLoader:35 - Attempting to load box with dimensions (Width: 2, Height: 2)
2024-09-18 23:38:35 INFO  UniformTruckLoader:38 - Trucks sorted by free volume.
2024-09-18 23:38:35 INFO  UniformTruckLoader:42 - Box successfully loaded into truck #1
2024-09-18 23:38:35 INFO  UniformTruckLoader:35 - Attempting to load box with dimensions (Width: 1, Height: 1)
2024-09-18 23:38:35 INFO  UniformTruckLoader:38 - Trucks sorted by free volume.
2024-09-18 23:38:35 INFO  UniformTruckLoader:42 - Box successfully loaded into truck #1
2024-09-18 23:38:35 INFO  UniformTruckLoader:54 - Loading process completed. Number of trucks used: 1
2024-09-18 23:38:35 DEBUG UniformTruckLoader:55 - Truck: 

2024-09-18 23:38:35 DEBUG UniformTruckLoader:57 - +      +
+      +
+      +
+      +
+11    +
+111   +
++++++++

2024-09-18 23:39:07 INFO  UniformTruckLoader:24 - Starting the loading process. Number of boxes: 4, Number of trucks: 1
2024-09-18 23:39:07 INFO  UniformTruckLoader:27 - Truck #1 created.
2024-09-18 23:39:07 INFO  UniformTruckLoader:32 - Boxes sorted by size.
2024-09-18 23:39:07 INFO  UniformTruckLoader:35 - Attempting to load box with dimensions (Width: 3, Height: 3)
2024-09-18 23:39:07 INFO  UniformTruckLoader:38 - Trucks sorted by free volume.
2024-09-18 23:39:07 INFO  UniformTruckLoader:42 - Box successfully loaded into truck #1
2024-09-18 23:39:07 INFO  UniformTruckLoader:35 - Attempting to load box with dimensions (Width: 3, Height: 3)
2024-09-18 23:39:07 INFO  UniformTruckLoader:38 - Trucks sorted by free volume.
2024-09-18 23:39:07 INFO  UniformTruckLoader:42 - Box successfully loaded into truck #1
2024-09-18 23:39:07 INFO  UniformTruckLoader:35 - Attempting to load box with dimensions (Width: 3, Height: 3)
2024-09-18 23:39:07 INFO  UniformTruckLoader:38 - Trucks sorted by free volume.
2024-09-18 23:39:07 INFO  UniformTruckLoader:42 - Box successfully loaded into truck #1
2024-09-18 23:39:07 INFO  UniformTruckLoader:35 - Attempting to load box with dimensions (Width: 2, Height: 2)
2024-09-18 23:39:07 INFO  UniformTruckLoader:38 - Trucks sorted by free volume.
2024-09-18 23:39:07 INFO  UniformTruckLoader:42 - Box successfully loaded into truck #1
2024-09-18 23:39:07 INFO  UniformTruckLoader:54 - Loading process completed. Number of trucks used: 1
2024-09-18 23:39:07 DEBUG UniformTruckLoader:55 - Truck: 

2024-09-18 23:39:07 DEBUG UniformTruckLoader:57 - +111   +
+11111 +
+11111 +
+111111+
+111111+
+111111+
++++++++

2024-09-18 23:40:13 INFO  UniformTruckLoader:24 - Starting the loading process. Number of boxes: 5, Number of trucks: 1
2024-09-18 23:40:13 INFO  UniformTruckLoader:27 - Truck #1 created.
2024-09-18 23:40:13 INFO  UniformTruckLoader:32 - Boxes sorted by size.
2024-09-18 23:40:13 INFO  UniformTruckLoader:35 - Attempting to load box with dimensions (Width: 3, Height: 3)
2024-09-18 23:40:13 INFO  UniformTruckLoader:38 - Trucks sorted by free volume.
2024-09-18 23:40:13 INFO  UniformTruckLoader:42 - Box successfully loaded into truck #1
2024-09-18 23:40:13 INFO  UniformTruckLoader:35 - Attempting to load box with dimensions (Width: 3, Height: 3)
2024-09-18 23:40:13 INFO  UniformTruckLoader:38 - Trucks sorted by free volume.
2024-09-18 23:40:13 INFO  UniformTruckLoader:42 - Box successfully loaded into truck #1
2024-09-18 23:40:13 INFO  UniformTruckLoader:35 - Attempting to load box with dimensions (Width: 3, Height: 3)
2024-09-18 23:40:13 INFO  UniformTruckLoader:38 - Trucks sorted by free volume.
2024-09-18 23:40:13 INFO  UniformTruckLoader:42 - Box successfully loaded into truck #1
2024-09-18 23:40:13 INFO  UniformTruckLoader:35 - Attempting to load box with dimensions (Width: 3, Height: 3)
2024-09-18 23:40:13 INFO  UniformTruckLoader:38 - Trucks sorted by free volume.
2024-09-18 23:40:13 INFO  UniformTruckLoader:42 - Box successfully loaded into truck #1
2024-09-18 23:40:13 INFO  UniformTruckLoader:35 - Attempting to load box with dimensions (Width: 2, Height: 2)
2024-09-18 23:40:13 INFO  UniformTruckLoader:38 - Trucks sorted by free volume.
2024-09-18 23:40:13 ERROR UniformTruckLoader:49 - Failed to load box with dimensions (Width: 2, Height: 2).
2024-09-18 23:49:08 INFO  JsonReader:21 - Start file read: truckTest.json
2024-09-18 23:49:08 INFO  JsonReader:24 - End file read: truckTest.json
2024-09-18 23:49:36 INFO  TxtReader:16 - Start file read: test.txt
2024-09-18 23:49:36 INFO  TxtReader:18 - End file read: test.txt
2024-09-18 23:49:36 INFO  BoxParser:17 - Start parse boxes data
2024-09-18 23:49:36 DEBUG BoxParser:26 - Parse row: 1
2024-09-18 23:49:36 DEBUG BoxParser:45 - Box added: [1]

2024-09-18 23:49:36 DEBUG BoxParser:26 - Parse row: 22
2024-09-18 23:49:36 DEBUG BoxParser:45 - Box added: [2, 2]

2024-09-18 23:49:36 DEBUG BoxParser:26 - Parse row: 333
2024-09-18 23:49:36 DEBUG BoxParser:45 - Box added: [3, 3, 3]

2024-09-18 23:49:36 DEBUG BoxParser:26 - Parse row: 4444
2024-09-18 23:49:36 DEBUG BoxParser:45 - Box added: [4, 4, 4, 4]

2024-09-18 23:49:36 DEBUG BoxParser:26 - Parse row: 55555
2024-09-18 23:49:36 DEBUG BoxParser:45 - Box added: [5, 5, 5, 5, 5]

2024-09-18 23:49:36 DEBUG BoxParser:26 - Parse row: 666
2024-09-18 23:49:36 DEBUG BoxParser:26 - Parse row: 666
2024-09-18 23:49:36 DEBUG BoxParser:45 - Box added: [6, 6, 6]
[6, 6, 6]

2024-09-18 23:49:36 DEBUG BoxParser:26 - Parse row: 777
2024-09-18 23:49:36 DEBUG BoxParser:26 - Parse row: 7777
2024-09-18 23:49:36 DEBUG BoxParser:45 - Box added: [7, 7, 7]
[7, 7, 7, 7]

2024-09-18 23:49:36 DEBUG BoxParser:26 - Parse row: 8888
2024-09-18 23:49:36 DEBUG BoxParser:26 - Parse row: 8888
2024-09-18 23:49:36 DEBUG BoxParser:45 - Box added: [8, 8, 8, 8]
[8, 8, 8, 8]

2024-09-18 23:49:36 DEBUG BoxParser:26 - Parse row: 999
2024-09-18 23:49:36 DEBUG BoxParser:26 - Parse row: 999
2024-09-18 23:49:36 DEBUG BoxParser:26 - Parse row: 999
2024-09-18 23:49:36 DEBUG BoxParser:45 - Box added: [9, 9, 9]
[9, 9, 9]
[9, 9, 9]

2024-09-18 23:49:36 INFO  BoxParser:31 - End parse boxes data
2024-09-18 23:49:36 INFO  UniformTruckLoader:24 - Starting the loading process. Number of boxes: 9, Number of trucks: 4
2024-09-18 23:49:36 INFO  UniformTruckLoader:27 - Truck #1 created.
2024-09-18 23:49:36 INFO  UniformTruckLoader:27 - Truck #2 created.
2024-09-18 23:49:36 INFO  UniformTruckLoader:27 - Truck #3 created.
2024-09-18 23:49:36 INFO  UniformTruckLoader:27 - Truck #4 created.
2024-09-18 23:49:36 INFO  UniformTruckLoader:32 - Boxes sorted by size.
2024-09-18 23:49:36 INFO  UniformTruckLoader:35 - Attempting to load box with dimensions (Width: 3, Height: 3)
2024-09-18 23:49:36 INFO  UniformTruckLoader:38 - Trucks sorted by free volume.
2024-09-18 23:49:36 INFO  UniformTruckLoader:42 - Box successfully loaded into truck #1
2024-09-18 23:49:36 INFO  UniformTruckLoader:35 - Attempting to load box with dimensions (Width: 4, Height: 2)
2024-09-18 23:49:36 INFO  UniformTruckLoader:38 - Trucks sorted by free volume.
2024-09-18 23:49:36 INFO  UniformTruckLoader:42 - Box successfully loaded into truck #1
2024-09-18 23:49:36 INFO  UniformTruckLoader:35 - Attempting to load box with dimensions (Width: 4, Height: 2)
2024-09-18 23:49:36 INFO  UniformTruckLoader:38 - Trucks sorted by free volume.
2024-09-18 23:49:36 INFO  UniformTruckLoader:42 - Box successfully loaded into truck #1
2024-09-18 23:49:36 INFO  UniformTruckLoader:35 - Attempting to load box with dimensions (Width: 3, Height: 2)
2024-09-18 23:49:36 INFO  UniformTruckLoader:38 - Trucks sorted by free volume.
2024-09-18 23:49:36 INFO  UniformTruckLoader:42 - Box successfully loaded into truck #1
2024-09-18 23:49:36 INFO  UniformTruckLoader:35 - Attempting to load box with dimensions (Width: 5, Height: 1)
2024-09-18 23:49:36 INFO  UniformTruckLoader:38 - Trucks sorted by free volume.
2024-09-18 23:49:36 INFO  UniformTruckLoader:42 - Box successfully loaded into truck #1
2024-09-18 23:49:36 INFO  UniformTruckLoader:35 - Attempting to load box with dimensions (Width: 4, Height: 1)
2024-09-18 23:49:36 INFO  UniformTruckLoader:38 - Trucks sorted by free volume.
2024-09-18 23:49:36 INFO  UniformTruckLoader:42 - Box successfully loaded into truck #1
2024-09-18 23:49:36 INFO  UniformTruckLoader:35 - Attempting to load box with dimensions (Width: 3, Height: 1)
2024-09-18 23:49:36 INFO  UniformTruckLoader:38 - Trucks sorted by free volume.
2024-09-18 23:49:36 INFO  UniformTruckLoader:42 - Box successfully loaded into truck #1
2024-09-18 23:49:36 INFO  UniformTruckLoader:35 - Attempting to load box with dimensions (Width: 2, Height: 1)
2024-09-18 23:49:36 INFO  UniformTruckLoader:38 - Trucks sorted by free volume.
2024-09-18 23:49:36 INFO  UniformTruckLoader:42 - Box successfully loaded into truck #1
2024-09-18 23:49:36 INFO  UniformTruckLoader:35 - Attempting to load box with dimensions (Width: 1, Height: 1)
2024-09-18 23:49:36 INFO  UniformTruckLoader:38 - Trucks sorted by free volume.
2024-09-18 23:49:36 INFO  UniformTruckLoader:42 - Box successfully loaded into truck #1
2024-09-18 23:49:36 INFO  UniformTruckLoader:54 - Loading process completed. Number of trucks used: 4
2024-09-18 23:49:36 DEBUG UniformTruckLoader:55 - Truck: 

2024-09-18 23:49:36 DEBUG UniformTruckLoader:57 - +      +
+      +
+      +
+999   +
+999   +
+999221+
++++++++

2024-09-18 23:49:36 DEBUG UniformTruckLoader:57 - +      +
+      +
+      +
+      +
+7777  +
+777333+
++++++++

2024-09-18 23:49:36 DEBUG UniformTruckLoader:57 - +      +
+      +
+      +
+55555 +
+666   +
+666   +
++++++++

2024-09-18 23:49:36 DEBUG UniformTruckLoader:57 - +      +
+      +
+      +
+4444  +
+8888  +
+8888  +
++++++++

2024-09-18 23:49:36 INFO  JsonWriter:19 - Start write file: json/trucks.json
2024-09-18 23:49:36 INFO  JsonWriter:24 - File with exist in path: json/trucks.json
2024-09-18 23:49:36 INFO  JsonWriter:27 - End write file: json/trucks.json
2024-09-18 23:50:05 INFO  TxtReader:16 - Start file read: test2.txt
2024-09-18 23:50:05 INFO  TxtReader:18 - End file read: test2.txt
2024-09-18 23:50:05 INFO  BoxParser:17 - Start parse boxes data
2024-09-18 23:50:05 DEBUG BoxParser:26 - Parse row: 999
2024-09-18 23:50:05 DEBUG BoxParser:26 - Parse row: 999
2024-09-18 23:50:05 DEBUG BoxParser:26 - Parse row: 999
2024-09-18 23:50:05 DEBUG BoxParser:45 - Box added: [9, 9, 9]
[9, 9, 9]
[9, 9, 9]

2024-09-18 23:50:05 DEBUG BoxParser:26 - Parse row: 666
2024-09-18 23:50:05 DEBUG BoxParser:26 - Parse row: 666
2024-09-18 23:50:05 DEBUG BoxParser:45 - Box added: [6, 6, 6]
[6, 6, 6]

2024-09-18 23:50:05 DEBUG BoxParser:26 - Parse row: 55555
2024-09-18 23:50:05 DEBUG BoxParser:45 - Box added: [5, 5, 5, 5, 5]

2024-09-18 23:50:05 DEBUG BoxParser:26 - Parse row: 1
2024-09-18 23:50:05 DEBUG BoxParser:45 - Box added: [1]

2024-09-18 23:50:05 DEBUG BoxParser:26 - Parse row: 1
2024-09-18 23:50:05 DEBUG BoxParser:45 - Box added: [1]

2024-09-18 23:50:05 DEBUG BoxParser:26 - Parse row: 333
2024-09-18 23:50:05 DEBUG BoxParser:45 - Box added: [3, 3, 3]

2024-09-18 23:50:05 DEBUG BoxParser:26 - Parse row: 999
2024-09-18 23:50:05 DEBUG BoxParser:26 - Parse row: 999
2024-09-18 23:50:05 DEBUG BoxParser:26 - Parse row: 999
2024-09-18 23:50:05 DEBUG BoxParser:45 - Box added: [9, 9, 9]
[9, 9, 9]
[9, 9, 9]

2024-09-18 23:50:05 DEBUG BoxParser:26 - Parse row: 666
2024-09-18 23:50:05 DEBUG BoxParser:26 - Parse row: 666
2024-09-18 23:50:05 DEBUG BoxParser:45 - Box added: [6, 6, 6]
[6, 6, 6]

2024-09-18 23:50:05 DEBUG BoxParser:26 - Parse row: 55555
2024-09-18 23:50:05 DEBUG BoxParser:45 - Box added: [5, 5, 5, 5, 5]

2024-09-18 23:50:05 DEBUG BoxParser:26 - Parse row: 1
2024-09-18 23:50:05 DEBUG BoxParser:45 - Box added: [1]

2024-09-18 23:50:05 DEBUG BoxParser:26 - Parse row: 1
2024-09-18 23:50:05 DEBUG BoxParser:45 - Box added: [1]

2024-09-18 23:50:05 DEBUG BoxParser:26 - Parse row: 333
2024-09-18 23:50:05 DEBUG BoxParser:45 - Box added: [3, 3, 3]

2024-09-18 23:50:05 DEBUG BoxParser:26 - Parse row: 999
2024-09-18 23:50:05 DEBUG BoxParser:26 - Parse row: 999
2024-09-18 23:50:05 DEBUG BoxParser:26 - Parse row: 999
2024-09-18 23:50:05 DEBUG BoxParser:45 - Box added: [9, 9, 9]
[9, 9, 9]
[9, 9, 9]

2024-09-18 23:50:05 DEBUG BoxParser:26 - Parse row: 666
2024-09-18 23:50:05 DEBUG BoxParser:26 - Parse row: 666
2024-09-18 23:50:05 DEBUG BoxParser:45 - Box added: [6, 6, 6]
[6, 6, 6]

2024-09-18 23:50:05 DEBUG BoxParser:26 - Parse row: 55555
2024-09-18 23:50:05 DEBUG BoxParser:45 - Box added: [5, 5, 5, 5, 5]

2024-09-18 23:50:05 DEBUG BoxParser:26 - Parse row: 1
2024-09-18 23:50:05 DEBUG BoxParser:45 - Box added: [1]

2024-09-18 23:50:05 DEBUG BoxParser:26 - Parse row: 1
2024-09-18 23:50:05 DEBUG BoxParser:45 - Box added: [1]

2024-09-18 23:50:05 DEBUG BoxParser:26 - Parse row: 333
2024-09-18 23:50:05 DEBUG BoxParser:45 - Box added: [3, 3, 3]

2024-09-18 23:50:05 INFO  BoxParser:31 - End parse boxes data
2024-09-18 23:50:05 DEBUG MaximalTruckLoader:28 - Starting to load trucks with 18 boxes.
2024-09-18 23:50:05 DEBUG MaximalTruckLoader:48 - Loading a new truck.
2024-09-18 23:50:05 DEBUG MaximalTruckLoader:52 - Trying to add box: [9, 9, 9]
[9, 9, 9]
[9, 9, 9]
 to truck.
2024-09-18 23:50:05 DEBUG MaximalTruckLoader:60 - Box: [9, 9, 9]
[9, 9, 9]
[9, 9, 9]
 added to truck. Current truck state: +      +
+      +
+      +
+999   +
+999   +
+999   +
++++++++
2024-09-18 23:50:05 DEBUG MaximalTruckLoader:70 - Remaining space in truck is up to height 3 - Width: 3, Height: 6
2024-09-18 23:50:05 DEBUG MaximalTruckLoader:83 - Next box: [9, 9, 9]
[9, 9, 9]
[9, 9, 9]
 added to truck. Current truck state: +      +
+      +
+      +
+999999+
+999999+
+999999+
++++++++
2024-09-18 23:50:05 DEBUG MaximalTruckLoader:52 - Trying to add box: [9, 9, 9]
[9, 9, 9]
[9, 9, 9]
 to truck.
2024-09-18 23:50:05 DEBUG MaximalTruckLoader:60 - Box: [9, 9, 9]
[9, 9, 9]
[9, 9, 9]
 added to truck. Current truck state: +999   +
+999   +
+999   +
+999999+
+999999+
+999999+
++++++++
2024-09-18 23:50:05 DEBUG MaximalTruckLoader:70 - Remaining space in truck is up to height 6 - Width: 3, Height: 3
2024-09-18 23:50:05 DEBUG MaximalTruckLoader:83 - Next box: [6, 6, 6]
[6, 6, 6]
 added to truck. Current truck state: +999   +
+999666+
+999666+
+999999+
+999999+
+999999+
++++++++
2024-09-18 23:50:05 DEBUG MaximalTruckLoader:70 - Remaining space in truck is up to height 6 - Width: 3, Height: 1
2024-09-18 23:50:05 DEBUG MaximalTruckLoader:83 - Next box: [3, 3, 3]
 added to truck. Current truck state: +999333+
+999666+
+999666+
+999999+
+999999+
+999999+
++++++++
2024-09-18 23:50:05 DEBUG MaximalTruckLoader:52 - Trying to add box: [6, 6, 6]
[6, 6, 6]
 to truck.
2024-09-18 23:50:05 DEBUG MaximalTruckLoader:54 - Box: [6, 6, 6]
[6, 6, 6]
 is too large for the truck. Adding to unused boxes.
2024-09-18 23:50:05 DEBUG MaximalTruckLoader:52 - Trying to add box: [6, 6, 6]
[6, 6, 6]
 to truck.
2024-09-18 23:50:05 DEBUG MaximalTruckLoader:54 - Box: [6, 6, 6]
[6, 6, 6]
 is too large for the truck. Adding to unused boxes.
2024-09-18 23:50:05 DEBUG MaximalTruckLoader:52 - Trying to add box: [5, 5, 5, 5, 5]
 to truck.
2024-09-18 23:50:05 DEBUG MaximalTruckLoader:54 - Box: [5, 5, 5, 5, 5]
 is too large for the truck. Adding to unused boxes.
2024-09-18 23:50:05 DEBUG MaximalTruckLoader:52 - Trying to add box: [5, 5, 5, 5, 5]
 to truck.
2024-09-18 23:50:05 DEBUG MaximalTruckLoader:54 - Box: [5, 5, 5, 5, 5]
 is too large for the truck. Adding to unused boxes.
2024-09-18 23:50:05 DEBUG MaximalTruckLoader:52 - Trying to add box: [5, 5, 5, 5, 5]
 to truck.
2024-09-18 23:50:05 DEBUG MaximalTruckLoader:54 - Box: [5, 5, 5, 5, 5]
 is too large for the truck. Adding to unused boxes.
2024-09-18 23:50:05 DEBUG MaximalTruckLoader:52 - Trying to add box: [3, 3, 3]
 to truck.
2024-09-18 23:50:05 DEBUG MaximalTruckLoader:54 - Box: [3, 3, 3]
 is too large for the truck. Adding to unused boxes.
2024-09-18 23:50:05 DEBUG MaximalTruckLoader:52 - Trying to add box: [3, 3, 3]
 to truck.
2024-09-18 23:50:05 DEBUG MaximalTruckLoader:54 - Box: [3, 3, 3]
 is too large for the truck. Adding to unused boxes.
2024-09-18 23:50:05 DEBUG MaximalTruckLoader:52 - Trying to add box: [1]
 to truck.
2024-09-18 23:50:05 DEBUG MaximalTruckLoader:54 - Box: [1]
 is too large for the truck. Adding to unused boxes.
2024-09-18 23:50:05 DEBUG MaximalTruckLoader:52 - Trying to add box: [1]
 to truck.
2024-09-18 23:50:05 DEBUG MaximalTruckLoader:54 - Box: [1]
 is too large for the truck. Adding to unused boxes.
2024-09-18 23:50:05 DEBUG MaximalTruckLoader:52 - Trying to add box: [1]
 to truck.
2024-09-18 23:50:05 DEBUG MaximalTruckLoader:54 - Box: [1]
 is too large for the truck. Adding to unused boxes.
2024-09-18 23:50:05 DEBUG MaximalTruckLoader:52 - Trying to add box: [1]
 to truck.
2024-09-18 23:50:05 DEBUG MaximalTruckLoader:54 - Box: [1]
 is too large for the truck. Adding to unused boxes.
2024-09-18 23:50:05 DEBUG MaximalTruckLoader:52 - Trying to add box: [1]
 to truck.
2024-09-18 23:50:05 DEBUG MaximalTruckLoader:54 - Box: [1]
 is too large for the truck. Adding to unused boxes.
2024-09-18 23:50:05 DEBUG MaximalTruckLoader:52 - Trying to add box: [1]
 to truck.
2024-09-18 23:50:05 DEBUG MaximalTruckLoader:54 - Box: [1]
 is too large for the truck. Adding to unused boxes.
2024-09-18 23:50:05 DEBUG MaximalTruckLoader:93 - Finished loading truck. Final truck state: +999333+
+999666+
+999666+
+999999+
+999999+
+999999+
++++++++
2024-09-18 23:50:05 DEBUG MaximalTruckLoader:36 - Truck loaded with boxes: 
+999333+
+999666+
+999666+
+999999+
+999999+
+999999+
++++++++
2024-09-18 23:50:05 DEBUG MaximalTruckLoader:48 - Loading a new truck.
2024-09-18 23:50:05 DEBUG MaximalTruckLoader:52 - Trying to add box: [6, 6, 6]
[6, 6, 6]
 to truck.
2024-09-18 23:50:05 DEBUG MaximalTruckLoader:60 - Box: [6, 6, 6]
[6, 6, 6]
 added to truck. Current truck state: +      +
+      +
+      +
+      +
+666   +
+666   +
++++++++
2024-09-18 23:50:05 DEBUG MaximalTruckLoader:70 - Remaining space in truck is up to height 2 - Width: 3, Height: 6
2024-09-18 23:50:05 DEBUG MaximalTruckLoader:83 - Next box: [6, 6, 6]
[6, 6, 6]
 added to truck. Current truck state: +      +
+      +
+      +
+      +
+666666+
+666666+
++++++++
2024-09-18 23:50:05 DEBUG MaximalTruckLoader:52 - Trying to add box: [5, 5, 5, 5, 5]
 to truck.
2024-09-18 23:50:05 DEBUG MaximalTruckLoader:60 - Box: [5, 5, 5, 5, 5]
 added to truck. Current truck state: +      +
+      +
+      +
+55555 +
+666666+
+666666+
++++++++
2024-09-18 23:50:05 DEBUG MaximalTruckLoader:70 - Remaining space in truck is up to height 3 - Width: 1, Height: 4
2024-09-18 23:50:05 DEBUG MaximalTruckLoader:83 - Next box: [1]
 added to truck. Current truck state: +      +
+      +
+      +
+555551+
+666666+
+666666+
++++++++
2024-09-18 23:50:05 DEBUG MaximalTruckLoader:52 - Trying to add box: [5, 5, 5, 5, 5]
 to truck.
2024-09-18 23:50:05 DEBUG MaximalTruckLoader:60 - Box: [5, 5, 5, 5, 5]
 added to truck. Current truck state: +      +
+      +
+55555 +
+555551+
+666666+
+666666+
++++++++
2024-09-18 23:50:05 DEBUG MaximalTruckLoader:70 - Remaining space in truck is up to height 4 - Width: 1, Height: 3
2024-09-18 23:50:05 DEBUG MaximalTruckLoader:83 - Next box: [1]
 added to truck. Current truck state: +      +
+      +
+555551+
+555551+
+666666+
+666666+
++++++++
2024-09-18 23:50:05 DEBUG MaximalTruckLoader:52 - Trying to add box: [5, 5, 5, 5, 5]
 to truck.
2024-09-18 23:50:05 DEBUG MaximalTruckLoader:60 - Box: [5, 5, 5, 5, 5]
 added to truck. Current truck state: +      +
+55555 +
+555551+
+555551+
+666666+
+666666+
++++++++
2024-09-18 23:50:05 DEBUG MaximalTruckLoader:70 - Remaining space in truck is up to height 5 - Width: 1, Height: 2
2024-09-18 23:50:05 DEBUG MaximalTruckLoader:83 - Next box: [1]
 added to truck. Current truck state: +      +
+555551+
+555551+
+555551+
+666666+
+666666+
++++++++
2024-09-18 23:50:05 DEBUG MaximalTruckLoader:52 - Trying to add box: [3, 3, 3]
 to truck.
2024-09-18 23:50:05 DEBUG MaximalTruckLoader:60 - Box: [3, 3, 3]
 added to truck. Current truck state: +333   +
+555551+
+555551+
+555551+
+666666+
+666666+
++++++++
2024-09-18 23:50:05 DEBUG MaximalTruckLoader:70 - Remaining space in truck is up to height 6 - Width: 3, Height: 1
2024-09-18 23:50:05 DEBUG MaximalTruckLoader:83 - Next box: [3, 3, 3]
 added to truck. Current truck state: +333333+
+555551+
+555551+
+555551+
+666666+
+666666+
++++++++
2024-09-18 23:50:05 DEBUG MaximalTruckLoader:52 - Trying to add box: [1]
 to truck.
2024-09-18 23:50:05 DEBUG MaximalTruckLoader:54 - Box: [1]
 is too large for the truck. Adding to unused boxes.
2024-09-18 23:50:05 DEBUG MaximalTruckLoader:52 - Trying to add box: [1]
 to truck.
2024-09-18 23:50:05 DEBUG MaximalTruckLoader:54 - Box: [1]
 is too large for the truck. Adding to unused boxes.
2024-09-18 23:50:05 DEBUG MaximalTruckLoader:52 - Trying to add box: [1]
 to truck.
2024-09-18 23:50:05 DEBUG MaximalTruckLoader:54 - Box: [1]
 is too large for the truck. Adding to unused boxes.
2024-09-18 23:50:05 DEBUG MaximalTruckLoader:93 - Finished loading truck. Final truck state: +333333+
+555551+
+555551+
+555551+
+666666+
+666666+
++++++++
2024-09-18 23:50:05 DEBUG MaximalTruckLoader:36 - Truck loaded with boxes: 
+333333+
+555551+
+555551+
+555551+
+666666+
+666666+
++++++++
2024-09-18 23:50:05 DEBUG MaximalTruckLoader:48 - Loading a new truck.
2024-09-18 23:50:05 DEBUG MaximalTruckLoader:52 - Trying to add box: [1]
 to truck.
2024-09-18 23:50:05 DEBUG MaximalTruckLoader:60 - Box: [1]
 added to truck. Current truck state: +      +
+      +
+      +
+      +
+      +
+1     +
++++++++
2024-09-18 23:50:05 DEBUG MaximalTruckLoader:70 - Remaining space in truck is up to height 1 - Width: 5, Height: 6
2024-09-18 23:50:05 DEBUG MaximalTruckLoader:83 - Next box: [1]
 added to truck. Current truck state: +      +
+      +
+      +
+      +
+      +
+11    +
++++++++
2024-09-18 23:50:05 DEBUG MaximalTruckLoader:70 - Remaining space in truck is up to height 1 - Width: 4, Height: 6
2024-09-18 23:50:05 DEBUG MaximalTruckLoader:83 - Next box: [1]
 added to truck. Current truck state: +      +
+      +
+      +
+      +
+      +
+111   +
++++++++
2024-09-18 23:50:05 DEBUG MaximalTruckLoader:70 - Remaining space in truck is up to height 1 - Width: 3, Height: 6
2024-09-18 23:50:05 DEBUG MaximalTruckLoader:76 - No more boxes fit in the remaining space. Moving to next truck.
2024-09-18 23:50:05 DEBUG MaximalTruckLoader:93 - Finished loading truck. Final truck state: +      +
+      +
+      +
+      +
+      +
+111   +
++++++++
2024-09-18 23:50:05 DEBUG MaximalTruckLoader:36 - Truck loaded with boxes: 
+      +
+      +
+      +
+      +
+      +
+111   +
++++++++
2024-09-18 23:50:05 DEBUG MaximalTruckLoader:40 - Finished loading trucks. Total trucks loaded: 3
2024-09-18 23:50:05 INFO  JsonWriter:19 - Start write file: json/trucks.json
2024-09-18 23:50:05 INFO  JsonWriter:24 - File with exist in path: json/trucks.json
2024-09-18 23:50:05 INFO  JsonWriter:27 - End write file: json/trucks.json
2024-09-25 18:11:01 INFO  JsonReader:26 - Start file read: truckTest.json
2024-09-25 18:11:01 INFO  JsonReader:29 - End file read: truckTest.json
2024-09-25 18:12:12 INFO  JsonReader:26 - Start file read: truckTest.json
2024-09-25 18:12:12 INFO  JsonReader:29 - End file read: truckTest.json
2024-09-25 18:14:27 INFO  JsonReader:26 - Start file read: truckTest.json
2024-09-25 18:14:27 INFO  JsonReader:29 - End file read: truckTest.json
